[0mGET / [32m200 [0m16.454 ms - 1080[0m
[0mGET /javascripts/script.js [32m200 [0m4.080 ms - 845[0m
[0mGET /favicon.ico [33m404 [0m233.803 ms - 1163[0m
[0mGET / [36m304 [0m2.139 ms - -[0m
[0mGET /javascripts/script.js [32m200 [0m1.810 ms - 1883[0m
[0mGET / [36m304 [0m1.201 ms - -[0m
[0mGET /javascripts/script.js [36m304 [0m0.575 ms - -[0m
[0mGET /? [32m200 [0m1.318 ms - 1080[0m
[0mGET /javascripts/script.js [36m304 [0m0.586 ms - -[0m
[0mGET /? [36m304 [0m13.964 ms - -[0m
[0mGET /javascripts/script.js [36m304 [0m0.610 ms - -[0m
[0mGET /? [36m304 [0m1.205 ms - -[0m
[0mGET /javascripts/script.js [36m304 [0m0.894 ms - -[0m
[0mGET /? [36m304 [0m0.586 ms - -[0m
[0mGET /javascripts/script.js [36m304 [0m1.912 ms - -[0m
[0mGET / [36m304 [0m15.207 ms - -[0m
[0mGET /javascripts/script.js [36m304 [0m0.545 ms - -[0m
[0mGET / [32m200 [0m1.828 ms - 1212[0m
[0mGET /javascripts/script.js [36m304 [0m0.915 ms - -[0m
[0mGET / [36m304 [0m0.602 ms - -[0m
[0mGET /javascripts/script.js [36m304 [0m0.838 ms - -[0m
